ERROR - 2021-11-16 23:36:59 --> Error connecting to the database: Access denied for user ''@'localhost' (using password: NO)
CRITICAL - 2021-11-16 23:36:59 --> Unable to connect to the database.
#0 C:\xampp\htdocs\crud_ci\system\Database\BaseConnection.php(618): CodeIgniter\Database\BaseConnection->initialize()
#1 C:\xampp\htdocs\crud_ci\system\Database\BaseBuilder.php(1866): CodeIgniter\Database\BaseConnection->query('SELECT *\nFROM `...', Array, false)
#2 C:\xampp\htdocs\crud_ci\system\Model.php(213): CodeIgniter\Database\BaseBuilder->get()
#3 C:\xampp\htdocs\crud_ci\system\BaseModel.php(583): CodeIgniter\Model->doFindAll(0, 0)
#4 C:\xampp\htdocs\crud_ci\app\Models\MahasiswaModel.php(15): CodeIgniter\BaseModel->findAll()
#5 C:\xampp\htdocs\crud_ci\app\Controllers\Mahasiswa.php(22): App\Models\MahasiswaModel->getMahasiswa()
#6 C:\xampp\htdocs\crud_ci\system\CodeIgniter.php(936): App\Controllers\Mahasiswa->index()
#7 C:\xampp\htdocs\crud_ci\system\CodeIgniter.php(432): CodeIgniter\CodeIgniter->runController(Object(App\Controllers\Mahasiswa))
#8 C:\xampp\htdocs\crud_ci\system\CodeIgniter.php(333): CodeIgniter\CodeIgniter->handleRequest(NULL, Object(Config\Cache), false)
#9 C:\xampp\htdocs\crud_ci\public\index.php(44): CodeIgniter\CodeIgniter->run()
#10 C:\xampp\htdocs\crud_ci\system\Commands\Server\rewrite.php(45): require_once('C:\\xampp\\htdocs...')
#11 {main}
ERROR - 2021-11-16 23:37:07 --> Error connecting to the database: Access denied for user ''@'localhost' (using password: NO)
CRITICAL - 2021-11-16 23:37:07 --> Unable to connect to the database.
#0 C:\xampp\htdocs\crud_ci\system\Database\BaseConnection.php(618): CodeIgniter\Database\BaseConnection->initialize()
#1 C:\xampp\htdocs\crud_ci\system\Database\BaseBuilder.php(1866): CodeIgniter\Database\BaseConnection->query('SELECT *\nFROM `...', Array, false)
#2 C:\xampp\htdocs\crud_ci\system\Model.php(213): CodeIgniter\Database\BaseBuilder->get()
#3 C:\xampp\htdocs\crud_ci\system\BaseModel.php(583): CodeIgniter\Model->doFindAll(0, 0)
#4 C:\xampp\htdocs\crud_ci\app\Models\MahasiswaModel.php(15): CodeIgniter\BaseModel->findAll()
#5 C:\xampp\htdocs\crud_ci\app\Controllers\Mahasiswa.php(22): App\Models\MahasiswaModel->getMahasiswa()
#6 C:\xampp\htdocs\crud_ci\system\CodeIgniter.php(936): App\Controllers\Mahasiswa->index()
#7 C:\xampp\htdocs\crud_ci\system\CodeIgniter.php(432): CodeIgniter\CodeIgniter->runController(Object(App\Controllers\Mahasiswa))
#8 C:\xampp\htdocs\crud_ci\system\CodeIgniter.php(333): CodeIgniter\CodeIgniter->handleRequest(NULL, Object(Config\Cache), false)
#9 C:\xampp\htdocs\crud_ci\public\index.php(44): CodeIgniter\CodeIgniter->run()
#10 C:\xampp\htdocs\crud_ci\system\Commands\Server\rewrite.php(45): require_once('C:\\xampp\\htdocs...')
#11 {main}
