CRITICAL - 2021-11-20 08:23:38 --> Invalid file: pages/home.php
#0 C:\xampp\htdocs\crud_ci\system\View\View.php(203): CodeIgniter\Exceptions\FrameworkException::forInvalidFile('pages/home.php')
#1 C:\xampp\htdocs\crud_ci\system\Common.php(1217): CodeIgniter\View\View->render('pages/home', Array, true)
#2 C:\xampp\htdocs\crud_ci\app\Controllers\Pages.php(13): view('pages/home', Array)
#3 C:\xampp\htdocs\crud_ci\system\CodeIgniter.php(936): App\Controllers\Pages->index()
#4 C:\xampp\htdocs\crud_ci\system\CodeIgniter.php(432): CodeIgniter\CodeIgniter->runController(Object(App\Controllers\Pages))
#5 C:\xampp\htdocs\crud_ci\system\CodeIgniter.php(333): CodeIgniter\CodeIgniter->handleRequest(NULL, Object(Config\Cache), false)
#6 C:\xampp\htdocs\crud_ci\public\index.php(44): CodeIgniter\CodeIgniter->run()
#7 C:\xampp\htdocs\crud_ci\system\Commands\Server\rewrite.php(45): require_once('C:\\xampp\\htdocs...')
#8 {main}
CRITICAL - 2021-11-20 08:26:35 --> Invalid file: pages/home.php
#0 C:\xampp\htdocs\crud_ci\system\View\View.php(203): CodeIgniter\Exceptions\FrameworkException::forInvalidFile('pages/home.php')
#1 C:\xampp\htdocs\crud_ci\system\Common.php(1217): CodeIgniter\View\View->render('pages/home', Array, true)
#2 C:\xampp\htdocs\crud_ci\app\Controllers\Pages.php(13): view('pages/home', Array)
#3 C:\xampp\htdocs\crud_ci\system\CodeIgniter.php(936): App\Controllers\Pages->index()
#4 C:\xampp\htdocs\crud_ci\system\CodeIgniter.php(432): CodeIgniter\CodeIgniter->runController(Object(App\Controllers\Pages))
#5 C:\xampp\htdocs\crud_ci\system\CodeIgniter.php(333): CodeIgniter\CodeIgniter->handleRequest(NULL, Object(Config\Cache), false)
#6 C:\xampp\htdocs\crud_ci\public\index.php(44): CodeIgniter\CodeIgniter->run()
#7 C:\xampp\htdocs\crud_ci\system\Commands\Server\rewrite.php(45): require_once('C:\\xampp\\htdocs...')
#8 {main}
